<?xml version="1.0" encoding="UTF-8"?>
<!-- Generated by org.testng.reporters.JUnitReportReporter -->
<testsuite hostname="DESKTOP-GN463A7" failures="0" tests="1" name="Lecture10.Project10.Signup" time="11.003" errors="0" timestamp="2023-12-29T12:57:27 PKT" skipped="0">
  <testcase classname="Lecture10.Project10.Signup" name="signup" time="11.003"/>
  <system-out/>
</testsuite> <!-- Lecture10.Project10.Signup -->
