<?xml version="1.0" encoding="UTF-8"?>
<!-- Generated by org.testng.reporters.JUnitReportReporter -->
<testsuite hostname="DESKTOP-GN463A7" failures="0" tests="1" name="Lecture10.Project10.ViewCart" time="21.314" errors="0" timestamp="2023-12-28T23:16:03 PKT" skipped="0">
  <testcase classname="Lecture10.Project10.ViewCart" name="signup" time="21.314"/>
  <system-out/>
</testsuite> <!-- Lecture10.Project10.ViewCart -->
